<?xml version="1.0" encoding="UTF-8"?>
<!-- Generated by org.testng.reporters.JUnitXMLReporter -->
<testsuite hostname="DESKTOP-PP5FANO" ignored="1" name="Default test" tests="13" failures="0" timestamp="02 Sep 2022 18:23:01 GMT" time="0.127" errors="0">
  <testcase name="m6" time="0.017" classname="com.testng.Sample"/>
  <testcase name="m10" time="0.002" classname="com.testng.Sample"/>
  <testcase name="m3" time="0.002" classname="com.testng.Sample"/>
  <testcase name="m4" time="0.001" classname="com.testng.Sample"/>
  <testcase name="m5" time="0.003" classname="com.testng.Sample"/>
  <testcase name="m7" time="0.001" classname="com.testng.Sample"/>
  <testcase name="m2" time="0.002" classname="com.testng.Sample"/>
  <testcase name="m1" time="0.009" classname="com.testng.Sample"/>
  <testcase name="m8" time="0.002" classname="com.testng.Sample"/>
  <testcase name="m8" time="0.002" classname="com.testng.Sample"/>
  <testcase name="m8" time="0.001" classname="com.testng.Sample"/>
  <testcase name="m8" time="0.004" classname="com.testng.Sample"/>
  <testcase name="m8" time="0.002" classname="com.testng.Sample"/>
  <testcase name="m9" time="0.0" classname="com.testng.Sample">
    <ignored/>
  </testcase> <!-- m9 -->
</testsuite> <!-- Default test -->
