<?xml version="1.0" encoding="UTF-8"?>
<!-- Generated by org.testng.reporters.JUnitXMLReporter -->
<testsuite hostname="DESKTOP-PP5FANO" ignored="1" name="Test" tests="9" failures="0" timestamp="03 Sep 2022 18:12:01 GMT" time="0.195" errors="0">
  <testcase name="m6" time="0.016" classname="com.testng.Sample"/>
  <testcase name="m10" time="0.005" classname="com.testng.Sample"/>
  <testcase name="m3" time="0.005" classname="com.testng.Sample"/>
  <testcase name="m4" time="0.011" classname="com.testng.Sample"/>
  <testcase name="m5" time="0.005" classname="com.testng.Sample"/>
  <testcase name="m7" time="0.007" classname="com.testng.Sample"/>
  <testcase name="m1" time="0.003" classname="com.testng.Sample1"/>
  <testcase name="m2" time="0.007" classname="com.testng.Sample1"/>
  <testcase name="m3" time="0.002" classname="com.testng.Sample1"/>
  <testcase name="m9" time="0.0" classname="com.testng.Sample">
    <ignored/>
  </testcase> <!-- m9 -->
</testsuite> <!-- Test -->
