<?xml version="1.0" encoding="UTF-8"?>
<testng-results skipped="0" failed="0" ignored="1" total="10" passed="9">
  <reporter-output>
  </reporter-output>
  <suite name="Suite" duration-ms="195" started-at="2022-09-03T18:12:00Z" finished-at="2022-09-03T18:12:00Z">
    <groups>
    </groups>
    <test name="Test" duration-ms="195" started-at="2022-09-03T18:12:00Z" finished-at="2022-09-03T18:12:00Z">
      <class name="com.testng.Sample1">
        <test-method status="PASS" signature="m1()[pri:0, instance:com.testng.Sample1@520a3426]" name="m1" duration-ms="3" started-at="2022-09-03T18:12:00Z" finished-at="2022-09-03T18:12:00Z">
          <reporter-output>
          </reporter-output>
        </test-method> <!-- m1 -->
        <test-method status="PASS" signature="m2()[pri:0, instance:com.testng.Sample1@520a3426]" name="m2" duration-ms="7" started-at="2022-09-03T18:12:00Z" finished-at="2022-09-03T18:12:00Z">
          <reporter-output>
          </reporter-output>
        </test-method> <!-- m2 -->
        <test-method status="PASS" signature="m3()[pri:0, instance:com.testng.Sample1@520a3426]" name="m3" duration-ms="2" started-at="2022-09-03T18:12:00Z" finished-at="2022-09-03T18:12:00Z">
          <reporter-output>
          </reporter-output>
        </test-method> <!-- m3 -->
      </class> <!-- com.testng.Sample1 -->
      <class name="com.testng.Sample">
        <test-method status="PASS" signature="m6()[pri:-5, instance:com.testng.Sample@6536e911]" name="m6" duration-ms="16" started-at="2022-09-03T18:12:00Z" finished-at="2022-09-03T18:12:00Z">
          <reporter-output>
          </reporter-output>
        </test-method> <!-- m6 -->
        <test-method status="PASS" signature="m10()[pri:-1, instance:com.testng.Sample@6536e911]" name="m10" duration-ms="5" started-at="2022-09-03T18:12:00Z" finished-at="2022-09-03T18:12:00Z">
          <reporter-output>
          </reporter-output>
        </test-method> <!-- m10 -->
        <test-method status="PASS" signature="m3()[pri:0, instance:com.testng.Sample@6536e911]" name="m3" duration-ms="5" started-at="2022-09-03T18:12:00Z" finished-at="2022-09-03T18:12:00Z">
          <reporter-output>
          </reporter-output>
        </test-method> <!-- m3 -->
        <test-method status="PASS" signature="m4()[pri:0, instance:com.testng.Sample@6536e911]" name="m4" duration-ms="11" started-at="2022-09-03T18:12:00Z" finished-at="2022-09-03T18:12:00Z">
          <reporter-output>
          </reporter-output>
        </test-method> <!-- m4 -->
        <test-method status="PASS" signature="m5()[pri:0, instance:com.testng.Sample@6536e911]" name="m5" duration-ms="5" started-at="2022-09-03T18:12:00Z" finished-at="2022-09-03T18:12:00Z">
          <reporter-output>
          </reporter-output>
        </test-method> <!-- m5 -->
        <test-method status="PASS" signature="m7()[pri:0, instance:com.testng.Sample@6536e911]" name="m7" duration-ms="7" started-at="2022-09-03T18:12:00Z" finished-at="2022-09-03T18:12:00Z">
          <reporter-output>
          </reporter-output>
        </test-method> <!-- m7 -->
      </class> <!-- com.testng.Sample -->
    </test> <!-- Test -->
  </suite> <!-- Suite -->
</testng-results>
