<?xml version="1.0" encoding="UTF-8"?>
<testng-results skipped="0" failed="0" ignored="0" total="2" passed="2">
  <reporter-output>
  </reporter-output>
  <suite name="Default suite" duration-ms="109" started-at="2022-09-01T15:09:20Z" finished-at="2022-09-01T15:09:20Z">
    <groups>
    </groups>
    <test name="Default test" duration-ms="109" started-at="2022-09-01T15:09:20Z" finished-at="2022-09-01T15:09:20Z">
      <class name="com.testng.Sample">
        <test-method status="PASS" signature="m1()[pri:0, instance:com.testng.Sample@20398b7c]" name="m1" is-config="true" duration-ms="69" started-at="2022-09-01T15:09:19Z" finished-at="2022-09-01T15:09:20Z">
          <reporter-output>
          </reporter-output>
        </test-method> <!-- m1 -->
        <test-method status="PASS" signature="m2()[pri:0, instance:com.testng.Sample@20398b7c]" name="m2" is-config="true" duration-ms="0" started-at="2022-09-01T15:09:20Z" finished-at="2022-09-01T15:09:20Z">
          <reporter-output>
          </reporter-output>
        </test-method> <!-- m2 -->
        <test-method status="PASS" signature="m3()[pri:0, instance:com.testng.Sample@20398b7c]" name="m3" is-config="true" duration-ms="1" started-at="2022-09-01T15:09:20Z" finished-at="2022-09-01T15:09:20Z">
          <reporter-output>
          </reporter-output>
        </test-method> <!-- m3 -->
        <test-method status="PASS" signature="m4()[pri:0, instance:com.testng.Sample@20398b7c]" name="m4" is-config="true" duration-ms="1" started-at="2022-09-01T15:09:20Z" finished-at="2022-09-01T15:09:20Z">
          <reporter-output>
          </reporter-output>
        </test-method> <!-- m4 -->
        <test-method status="PASS" signature="m10()[pri:0, instance:com.testng.Sample@20398b7c]" name="m10" duration-ms="22" started-at="2022-09-01T15:09:20Z" finished-at="2022-09-01T15:09:20Z">
          <reporter-output>
          </reporter-output>
        </test-method> <!-- m10 -->
        <test-method status="PASS" signature="m6()[pri:0, instance:com.testng.Sample@20398b7c]" name="m6" is-config="true" duration-ms="1" started-at="2022-09-01T15:09:20Z" finished-at="2022-09-01T15:09:20Z">
          <reporter-output>
          </reporter-output>
        </test-method> <!-- m6 -->
        <test-method status="PASS" signature="m4()[pri:0, instance:com.testng.Sample@20398b7c]" name="m4" is-config="true" duration-ms="1" started-at="2022-09-01T15:09:20Z" finished-at="2022-09-01T15:09:20Z">
          <reporter-output>
          </reporter-output>
        </test-method> <!-- m4 -->
        <test-method status="PASS" signature="m5()[pri:0, instance:com.testng.Sample@20398b7c]" name="m5" duration-ms="13" started-at="2022-09-01T15:09:20Z" finished-at="2022-09-01T15:09:20Z">
          <reporter-output>
          </reporter-output>
        </test-method> <!-- m5 -->
        <test-method status="PASS" signature="m6()[pri:0, instance:com.testng.Sample@20398b7c]" name="m6" is-config="true" duration-ms="0" started-at="2022-09-01T15:09:20Z" finished-at="2022-09-01T15:09:20Z">
          <reporter-output>
          </reporter-output>
        </test-method> <!-- m6 -->
        <test-method status="PASS" signature="m7()[pri:0, instance:com.testng.Sample@20398b7c]" name="m7" is-config="true" duration-ms="0" started-at="2022-09-01T15:09:20Z" finished-at="2022-09-01T15:09:20Z">
          <reporter-output>
          </reporter-output>
        </test-method> <!-- m7 -->
        <test-method status="PASS" signature="m8()[pri:0, instance:com.testng.Sample@20398b7c]" name="m8" is-config="true" duration-ms="1" started-at="2022-09-01T15:09:20Z" finished-at="2022-09-01T15:09:20Z">
          <reporter-output>
          </reporter-output>
        </test-method> <!-- m8 -->
        <test-method status="PASS" signature="m9()[pri:0, instance:com.testng.Sample@20398b7c]" name="m9" is-config="true" duration-ms="0" started-at="2022-09-01T15:09:20Z" finished-at="2022-09-01T15:09:20Z">
          <reporter-output>
          </reporter-output>
        </test-method> <!-- m9 -->
      </class> <!-- com.testng.Sample -->
    </test> <!-- Default test -->
  </suite> <!-- Default suite -->
</testng-results>
